<?xml version="1.0" encoding="UTF-8"?>
<testng-results ignored="0" total="1" passed="1" failed="0" skipped="0">
  <reporter-output>
  </reporter-output>
  <suite started-at="2022-11-22T05:20:46 IST" name="Default suite" finished-at="2022-11-22T05:20:52 IST" duration-ms="6136">
    <groups>
    </groups>
    <test started-at="2022-11-22T05:20:46 IST" name="Default test" finished-at="2022-11-22T05:20:52 IST" duration-ms="6136">
      <class name="test.Test">
        <test-method is-config="true" signature="setup()[pri:0, instance:test.Test@62150f9e]" started-at="2022-11-22T05:20:46 IST" name="setup" finished-at="2022-11-22T05:20:50 IST" duration-ms="4338" status="PASS">
          <reporter-output>
          </reporter-output>
        </test-method> <!-- setup -->
        <test-method is-config="true" signature="urlloading()[pri:0, instance:test.Test@62150f9e]" started-at="2022-11-22T05:20:50 IST" name="urlloading" finished-at="2022-11-22T05:20:51 IST" duration-ms="1091" status="PASS">
          <reporter-output>
          </reporter-output>
        </test-method> <!-- urlloading -->
        <test-method signature="facebook()[pri:0, instance:test.Test@62150f9e]" started-at="2022-11-22T05:20:51 IST" name="facebook" finished-at="2022-11-22T05:20:52 IST" duration-ms="675" status="PASS">
          <reporter-output>
          </reporter-output>
        </test-method> <!-- facebook -->
      </class> <!-- test.Test -->
    </test> <!-- Default test -->
  </suite> <!-- Default suite -->
</testng-results>
